<?xml version="1.0" encoding="UTF-8"?>
<!-- Generated by org.testng.reporters.JUnitXMLReporter -->
<testsuite hostname="A1WYHNCTBMNDUCM" name="Test" tests="5" failures="0" timestamp="23 Mar 2017 01:52:15 GMT" time="43.558" errors="0">
  <testcase name="testCase" time="6.248" classname="login.test.cases.LoginTestRight"/>
  <testcase name="testCase" time="5.835" classname="login.test.cases.LoginTestError"/>
  <testcase name="testCase" time="5.41" classname="login.test.cases.LoginTestError"/>
  <testcase name="testCase" time="6.271" classname="login.test.cases.LoginTestError"/>
  <testcase name="testCase" time="5.903" classname="login.test.cases.LoginTestError"/>
</testsuite> <!-- Test -->
